# JRE version: OpenJDK Runtime Environment (8.0_112-b06) (build 1.8.0_112-release-b06)
# Java VM: OpenJDK 64-Bit Server VM (25.112-b06 mixed mode windows-amd64 compressed oops)
Heap:
 PSYoungGen      total 442880K, used 442450K [0x00000000e0000000, 0x0000000100000000, 0x0000000100000000)
  eden space 378880K, 100% used [0x00000000e0000000,0x00000000f7200000,0x00000000f7200000)
  from space 64000K, 99% used [0x00000000f7200000,0x00000000fb014938,0x00000000fb080000)
  to   space 79872K, 0% used [0x00000000fb200000,0x00000000fb200000,0x0000000100000000)
 ParOldGen       total 294400K, used 171704K [0x00000000a0000000, 0x00000000b1f80000, 0x00000000e0000000)
  object space 294400K, 58% used [0x00000000a0000000,0x00000000aa7ae2b8,0x00000000b1f80000)
 Metaspace       used 87440K, capacity 94794K, committed 94976K, reserved 1132544K
  class space    used 10602K, capacity 11652K, committed 11776K, reserved 1048576K
GC Heap History (10 events):
Event: 14526.984 GC heap before
{Heap before GC invocations=76 (full 7):
 PSYoungGen      total 434688K, used 361964K [0x00000000e0000000, 0x00000000ff500000, 0x0000000100000000)
  eden space 354816K, 100% used [0x00000000e0000000,0x00000000f5a80000,0x00000000f5a80000)
  from space 79872K, 8% used [0x00000000fa700000,0x00000000fadfb228,0x00000000ff500000)
  to   space 78336K, 0% used [0x00000000f5a80000,0x00000000f5a80000,0x00000000fa700000)
 ParOldGen       total 294400K, used 171680K [0x00000000a0000000, 0x00000000b1f80000, 0x00000000e0000000)
  object space 294400K, 58% used [0x00000000a0000000,0x00000000aa7a82b8,0x00000000b1f80000)
 Metaspace       used 86762K, capacity 94020K, committed 94080K, reserved 1132544K
  class space    used 10570K, capacity 11623K, committed 11648K, reserved 1048576K
Event: 14527.017 GC heap after
Heap after GC invocations=76 (full 7):
 PSYoungGen      total 433152K, used 34478K [0x00000000e0000000, 0x00000000ffe80000, 0x0000000100000000)
  eden space 354816K, 0% used [0x00000000e0000000,0x00000000e0000000,0x00000000f5a80000)
  from space 78336K, 44% used [0x00000000f5a80000,0x00000000f7c2bb50,0x00000000fa700000)
  to   space 78336K, 0% used [0x00000000fb200000,0x00000000fb200000,0x00000000ffe80000)
 ParOldGen       total 294400K, used 171688K [0x00000000a0000000, 0x00000000b1f80000, 0x00000000e0000000)
  object space 294400K, 58% used [0x00000000a0000000,0x00000000aa7aa2b8,0x00000000b1f80000)
 Metaspace       used 86762K, capacity 94020K, committed 94080K, reserved 1132544K
  class space    used 10570K, capacity 11623K, committed 11648K, reserved 1048576K
}
Event: 14595.106 GC heap before
{Heap before GC invocations=77 (full 7):
 PSYoungGen      total 433152K, used 389294K [0x00000000e0000000, 0x00000000ffe80000, 0x0000000100000000)
  eden space 354816K, 100% used [0x00000000e0000000,0x00000000f5a80000,0x00000000f5a80000)
  from space 78336K, 44% used [0x00000000f5a80000,0x00000000f7c2bb50,0x00000000fa700000)
  to   space 78336K, 0% used [0x00000000fb200000,0x00000000fb200000,0x00000000ffe80000)
 ParOldGen       total 294400K, used 171688K [0x00000000a0000000, 0x00000000b1f80000, 0x00000000e0000000)
  object space 294400K, 58% used [0x00000000a0000000,0x00000000aa7aa2b8,0x00000000b1f80000)
 Metaspace       used 87028K, capacity 94390K, committed 94592K, reserved 1132544K
  class space    used 10583K, capacity 11634K, committed 11648K, reserved 1048576K
Event: 14595.151 GC heap after
Heap after GC invocations=77 (full 7):
 PSYoungGen      total 439296K, used 25368K [0x00000000e0000000, 0x00000000ff800000, 0x0000000100000000)
  eden space 367616K, 0% used [0x00000000e0000000,0x00000000e0000000,0x00000000f6700000)
  from space 71680K, 35% used [0x00000000fb200000,0x00000000fcac61d0,0x00000000ff800000)
  to   space 74240K, 0% used [0x00000000f6700000,0x00000000f6700000,0x00000000faf80000)
 ParOldGen       total 294400K, used 171688K [0x00000000a0000000, 0x00000000b1f80000, 0x00000000e0000000)
  object space 294400K, 58% used [0x00000000a0000000,0x00000000aa7aa2b8,0x00000000b1f80000)
 Metaspace       used 87028K, capacity 94390K, committed 94592K, reserved 1132544K
  class space    used 10583K, capacity 11634K, committed 11648K, reserved 1048576K
}
Event: 19209.556 GC heap before
{Heap before GC invocations=78 (full 7):
 PSYoungGen      total 439296K, used 392984K [0x00000000e0000000, 0x00000000ff800000, 0x0000000100000000)
  eden space 367616K, 100% used [0x00000000e0000000,0x00000000f6700000,0x00000000f6700000)
  from space 71680K, 35% used [0x00000000fb200000,0x00000000fcac61d0,0x00000000ff800000)
  to   space 74240K, 0% used [0x00000000f6700000,0x00000000f6700000,0x00000000faf80000)
 ParOldGen       total 294400K, used 171688K [0x00000000a0000000, 0x00000000b1f80000, 0x00000000e0000000)
  object space 294400K, 58% used [0x00000000a0000000,0x00000000aa7aa2b8,0x00000000b1f80000)
 Metaspace       used 87263K, capacity 94670K, committed 94848K, reserved 1132544K
  class space    used 10595K, capacity 11642K, committed 11648K, reserved 1048576K
Event: 19209.568 GC heap after
Heap after GC invocations=78 (full 7):
 PSYoungGen      total 441856K, used 7570K [0x00000000e0000000, 0x00000000ffc80000, 0x0000000100000000)
  eden space 367616K, 0% used [0x00000000e0000000,0x00000000e0000000,0x00000000f6700000)
  from space 74240K, 10% used [0x00000000f6700000,0x00000000f6e64868,0x00000000faf80000)
  to   space 71168K, 0% used [0x00000000fb700000,0x00000000fb700000,0x00000000ffc80000)
 ParOldGen       total 294400K, used 171696K [0x00000000a0000000, 0x00000000b1f80000, 0x00000000e0000000)
  object space 294400K, 58% used [0x00000000a0000000,0x00000000aa7ac2b8,0x00000000b1f80000)
 Metaspace       used 87263K, capacity 94670K, committed 94848K, reserved 1132544K
  class space    used 10595K, capacity 11642K, committed 11648K, reserved 1048576K
}
Event: 19212.521 GC heap before
{Heap before GC invocations=79 (full 7):
 PSYoungGen      total 441856K, used 375186K [0x00000000e0000000, 0x00000000ffc80000, 0x0000000100000000)
  eden space 367616K, 100% used [0x00000000e0000000,0x00000000f6700000,0x00000000f6700000)
  from space 74240K, 10% used [0x00000000f6700000,0x00000000f6e64868,0x00000000faf80000)
  to   space 71168K, 0% used [0x00000000fb700000,0x00000000fb700000,0x00000000ffc80000)
 ParOldGen       total 294400K, used 171696K [0x00000000a0000000, 0x00000000b1f80000, 0x00000000e0000000)
  object space 294400K, 58% used [0x00000000a0000000,0x00000000aa7ac2b8,0x00000000b1f80000)
 Metaspace       used 87426K, capacity 94764K, committed 94848K, reserved 1132544K
  class space    used 10599K, capacity 11647K, committed 11648K, reserved 1048576K
Event: 19212.529 GC heap after
Heap after GC invocations=79 (full 7):
 PSYoungGen      total 444416K, used 8720K [0x00000000e0000000, 0x00000000ff700000, 0x0000000100000000)
  eden space 378880K, 0% used [0x00000000e0000000,0x00000000e0000000,0x00000000f7200000)
  from space 65536K, 13% used [0x00000000fb700000,0x00000000fbf84010,0x00000000ff700000)
  to   space 68096K, 0% used [0x00000000f7200000,0x00000000f7200000,0x00000000fb480000)
 ParOldGen       total 294400K, used 171704K [0x00000000a0000000, 0x00000000b1f80000, 0x00000000e0000000)
  object space 294400K, 58% used [0x00000000a0000000,0x00000000aa7ae2b8,0x00000000b1f80000)
 Metaspace       used 87426K, capacity 94764K, committed 94848K, reserved 1132544K
  class space    used 10599K, capacity 11647K, committed 11648K, reserved 1048576K
}
Event: 19213.832 GC heap before
{Heap before GC invocations=80 (full 7):
 PSYoungGen      total 444416K, used 387600K [0x00000000e0000000, 0x00000000ff700000, 0x0000000100000000)
  eden space 378880K, 100% used [0x00000000e0000000,0x00000000f7200000,0x00000000f7200000)
  from space 65536K, 13% used [0x00000000fb700000,0x00000000fbf84010,0x00000000ff700000)
  to   space 68096K, 0% used [0x00000000f7200000,0x00000000f7200000,0x00000000fb480000)
 ParOldGen       total 294400K, used 171704K [0x00000000a0000000, 0x00000000b1f80000, 0x00000000e0000000)
  object space 294400K, 58% used [0x00000000a0000000,0x00000000aa7ae2b8,0x00000000b1f80000)
 Metaspace       used 87439K, capacity 94794K, committed 94976K, reserved 1132544K
  class space    used 10602K, capacity 11652K, committed 11776K, reserved 1048576K
Event: 19213.870 GC heap after
Heap after GC invocations=80 (full 7):
 PSYoungGen      total 442880K, used 63570K [0x00000000e0000000, 0x0000000100000000, 0x0000000100000000)
  eden space 378880K, 0% used [0x00000000e0000000,0x00000000e0000000,0x00000000f7200000)
  from space 64000K, 99% used [0x00000000f7200000,0x00000000fb014938,0x00000000fb080000)
  to   space 79872K, 0% used [0x00000000fb200000,0x00000000fb200000,0x0000000100000000)
 ParOldGen       total 294400K, used 171704K [0x00000000a0000000, 0x00000000b1f80000, 0x00000000e0000000)
  object space 294400K, 58% used [0x00000000a0000000,0x00000000aa7ae2b8,0x00000000b1f80000)
 Metaspace       used 87439K, capacity 94794K, committed 94976K, reserved 1132544K
  class space    used 10602K, capacity 11652K, committed 11776K, reserved 1048576K
}

